<?xml version="1.0" encoding="UTF-8"?>
<!-- Generated by org.testng.reporters.JUnitReportReporter -->
<testsuite skipped="0" hostname="IBM375-PC0A2F5R" name="com.test.practice.homepage.TC001_VerifyLoginwithInvalidCredentials" tests="1" failures="0" timestamp="18 May 2018 09:14:31 GMT" time="4.265" errors="0">
  <testcase name="verifyLoginwithInvalidCredentials" time="4.265" classname="com.test.practice.homepage.TC001_VerifyLoginwithInvalidCredentials"/>
</testsuite> <!-- com.test.practice.homepage.TC001_VerifyLoginwithInvalidCredentials -->
