<?xml version="1.0" encoding="UTF-8"?>
<!-- Generated by org.testng.reporters.JUnitReportReporter -->
<testsuite skipped="0" hostname="IBM375-PC0A2F5R" name="com.test.practice.registrationpage.TC002_VerifySignUp" tests="1" failures="0" timestamp="24 May 2018 07:06:34 GMT" time="3.378" errors="0">
  <testcase name="VerifySignUp" time="3.378" classname="com.test.practice.registrationpage.TC002_VerifySignUp"/>
</testsuite> <!-- com.test.practice.registrationpage.TC002_VerifySignUp -->
